{"/home/gaylor/Work/vscode/jest-runner/src/codelens-provider.js": {"path":"/home/gaylor/Work/vscode/jest-runner/src/codelens-provider.js","statementMap":{"0":{"start":{"line":1,"column":35},"end":{"line":1,"column":52}},"1":{"start":{"line":3,"column":19},"end":{"line":3,"column":50}},"2":{"start":{"line":4,"column":19},"end":{"line":4,"column":43}},"3":{"start":{"line":5,"column":28},"end":{"line":5,"column":57}},"4":{"start":{"line":7,"column":20},"end":{"line":7,"column":26}},"5":{"start":{"line":8,"column":20},"end":{"line":8,"column":26}},"6":{"start":{"line":9,"column":23},"end":{"line":9,"column":32}},"7":{"start":{"line":13,"column":4},"end":{"line":13,"column":39}},"8":{"start":{"line":15,"column":4},"end":{"line":15,"column":17}},"9":{"start":{"line":19,"column":4},"end":{"line":19,"column":31}},"10":{"start":{"line":23,"column":4},"end":{"line":23,"column":40}},"11":{"start":{"line":24,"column":22},"end":{"line":24,"column":48}},"12":{"start":{"line":26,"column":4},"end":{"line":26,"column":17}},"13":{"start":{"line":28,"column":4},"end":{"line":28,"column":57}},"14":{"start":{"line":30,"column":4},"end":{"line":30,"column":27}},"15":{"start":{"line":34,"column":4},"end":{"line":40,"column":7}},"16":{"start":{"line":35,"column":6},"end":{"line":35,"column":66}},"17":{"start":{"line":36,"column":6},"end":{"line":36,"column":64}},"18":{"start":{"line":37,"column":6},"end":{"line":37,"column":28}},"19":{"start":{"line":39,"column":6},"end":{"line":39,"column":49}},"20":{"start":{"line":44,"column":4},"end":{"line":48,"column":7}},"21":{"start":{"line":45,"column":6},"end":{"line":45,"column":72}},"22":{"start":{"line":46,"column":6},"end":{"line":46,"column":78}},"23":{"start":{"line":47,"column":6},"end":{"line":47,"column":22}},"24":{"start":{"line":52,"column":4},"end":{"line":52,"column":33}},"25":{"start":{"line":54,"column":4},"end":{"line":54,"column":30}},"26":{"start":{"line":58,"column":4},"end":{"line":58,"column":33}},"27":{"start":{"line":60,"column":4},"end":{"line":60,"column":57}},"28":{"start":{"line":60,"column":36},"end":{"line":60,"column":55}},"29":{"start":{"line":62,"column":4},"end":{"line":62,"column":25}},"30":{"start":{"line":66,"column":4},"end":{"line":66,"column":28}},"31":{"start":{"line":70,"column":4},"end":{"line":70,"column":25}},"32":{"start":{"line":71,"column":4},"end":{"line":71,"column":25}},"33":{"start":{"line":72,"column":4},"end":{"line":72,"column":19}},"34":{"start":{"line":78,"column":4},"end":{"line":78,"column":17}},"35":{"start":{"line":80,"column":4},"end":{"line":80,"column":29}},"36":{"start":{"line":81,"column":4},"end":{"line":81,"column":29}},"37":{"start":{"line":85,"column":4},"end":{"line":89,"column":6}},"38":{"start":{"line":91,"column":4},"end":{"line":91,"column":16}},"39":{"start":{"line":97,"column":4},"end":{"line":97,"column":38}},"40":{"start":{"line":98,"column":4},"end":{"line":98,"column":35}},"41":{"start":{"line":104,"column":4},"end":{"line":104,"column":17}},"42":{"start":{"line":106,"column":4},"end":{"line":106,"column":29}},"43":{"start":{"line":107,"column":4},"end":{"line":107,"column":25}},"44":{"start":{"line":111,"column":17},"end":{"line":111,"column":55}},"45":{"start":{"line":113,"column":4},"end":{"line":115,"column":5}},"46":{"start":{"line":114,"column":6},"end":{"line":114,"column":57}},"47":{"start":{"line":117,"column":4},"end":{"line":117,"column":42}},"48":{"start":{"line":118,"column":4},"end":{"line":118,"column":16}},"49":{"start":{"line":122,"column":4},"end":{"line":122,"column":34}},"50":{"start":{"line":126,"column":4},"end":{"line":130,"column":5}},"51":{"start":{"line":127,"column":6},"end":{"line":127,"column":44}},"52":{"start":{"line":129,"column":6},"end":{"line":129,"column":47}},"53":{"start":{"line":136,"column":4},"end":{"line":136,"column":17}},"54":{"start":{"line":138,"column":4},"end":{"line":138,"column":29}},"55":{"start":{"line":142,"column":4},"end":{"line":146,"column":6}},"56":{"start":{"line":148,"column":4},"end":{"line":148,"column":16}},"57":{"start":{"line":156,"column":4},"end":{"line":156,"column":17}},"58":{"start":{"line":158,"column":4},"end":{"line":158,"column":29}},"59":{"start":{"line":162,"column":17},"end":{"line":162,"column":55}},"60":{"start":{"line":164,"column":4},"end":{"line":166,"column":5}},"61":{"start":{"line":165,"column":6},"end":{"line":165,"column":57}},"62":{"start":{"line":169,"column":4},"end":{"line":169,"column":42}},"63":{"start":{"line":170,"column":4},"end":{"line":170,"column":16}},"64":{"start":{"line":174,"column":4},"end":{"line":174,"column":34}},"65":{"start":{"line":178,"column":4},"end":{"line":178,"column":38}},"66":{"start":{"line":180,"column":4},"end":{"line":184,"column":5}},"67":{"start":{"line":181,"column":6},"end":{"line":181,"column":39}},"68":{"start":{"line":183,"column":6},"end":{"line":183,"column":42}},"69":{"start":{"line":186,"column":4},"end":{"line":186,"column":16}},"70":{"start":{"line":190,"column":0},"end":{"line":190,"column":34}}},"fnMap":{"0":{"name":"(anonymous_0)","decl":{"start":{"line":12,"column":2},"end":{"line":12,"column":3}},"loc":{"start":{"line":12,"column":16},"end":{"line":16,"column":3}},"line":12},"1":{"name":"(anonymous_1)","decl":{"start":{"line":18,"column":2},"end":{"line":18,"column":3}},"loc":{"start":{"line":18,"column":26},"end":{"line":20,"column":3}},"line":18},"2":{"name":"(anonymous_2)","decl":{"start":{"line":22,"column":2},"end":{"line":22,"column":3}},"loc":{"start":{"line":22,"column":30},"end":{"line":31,"column":3}},"line":22},"3":{"name":"(anonymous_3)","decl":{"start":{"line":33,"column":2},"end":{"line":33,"column":3}},"loc":{"start":{"line":33,"column":50},"end":{"line":41,"column":3}},"line":33},"4":{"name":"(anonymous_4)","decl":{"start":{"line":34,"column":22},"end":{"line":34,"column":23}},"loc":{"start":{"line":34,"column":44},"end":{"line":40,"column":5}},"line":34},"5":{"name":"(anonymous_5)","decl":{"start":{"line":43,"column":2},"end":{"line":43,"column":3}},"loc":{"start":{"line":43,"column":40},"end":{"line":49,"column":3}},"line":43},"6":{"name":"(anonymous_6)","decl":{"start":{"line":44,"column":18},"end":{"line":44,"column":19}},"loc":{"start":{"line":44,"column":33},"end":{"line":48,"column":5}},"line":44},"7":{"name":"(anonymous_7)","decl":{"start":{"line":51,"column":2},"end":{"line":51,"column":3}},"loc":{"start":{"line":51,"column":28},"end":{"line":55,"column":3}},"line":51},"8":{"name":"(anonymous_8)","decl":{"start":{"line":57,"column":2},"end":{"line":57,"column":3}},"loc":{"start":{"line":57,"column":17},"end":{"line":63,"column":3}},"line":57},"9":{"name":"(anonymous_9)","decl":{"start":{"line":60,"column":28},"end":{"line":60,"column":29}},"loc":{"start":{"line":60,"column":36},"end":{"line":60,"column":55}},"line":60},"10":{"name":"(anonymous_10)","decl":{"start":{"line":65,"column":2},"end":{"line":65,"column":3}},"loc":{"start":{"line":65,"column":12},"end":{"line":67,"column":3}},"line":65},"11":{"name":"(anonymous_11)","decl":{"start":{"line":69,"column":2},"end":{"line":69,"column":3}},"loc":{"start":{"line":69,"column":10},"end":{"line":73,"column":3}},"line":69},"12":{"name":"(anonymous_12)","decl":{"start":{"line":77,"column":2},"end":{"line":77,"column":3}},"loc":{"start":{"line":77,"column":40},"end":{"line":82,"column":3}},"line":77},"13":{"name":"(anonymous_13)","decl":{"start":{"line":84,"column":2},"end":{"line":84,"column":3}},"loc":{"start":{"line":84,"column":12},"end":{"line":92,"column":3}},"line":84},"14":{"name":"(anonymous_14)","decl":{"start":{"line":94,"column":2},"end":{"line":94,"column":3}},"loc":{"start":{"line":94,"column":11},"end":{"line":94,"column":13}},"line":94},"15":{"name":"(anonymous_15)","decl":{"start":{"line":96,"column":2},"end":{"line":96,"column":3}},"loc":{"start":{"line":96,"column":11},"end":{"line":99,"column":3}},"line":96},"16":{"name":"(anonymous_16)","decl":{"start":{"line":103,"column":2},"end":{"line":103,"column":3}},"loc":{"start":{"line":103,"column":40},"end":{"line":108,"column":3}},"line":103},"17":{"name":"(anonymous_17)","decl":{"start":{"line":110,"column":2},"end":{"line":110,"column":3}},"loc":{"start":{"line":110,"column":12},"end":{"line":119,"column":3}},"line":110},"18":{"name":"(anonymous_18)","decl":{"start":{"line":121,"column":2},"end":{"line":121,"column":3}},"loc":{"start":{"line":121,"column":17},"end":{"line":123,"column":3}},"line":121},"19":{"name":"(anonymous_19)","decl":{"start":{"line":125,"column":2},"end":{"line":125,"column":3}},"loc":{"start":{"line":125,"column":27},"end":{"line":131,"column":3}},"line":125},"20":{"name":"(anonymous_20)","decl":{"start":{"line":135,"column":2},"end":{"line":135,"column":3}},"loc":{"start":{"line":135,"column":31},"end":{"line":139,"column":3}},"line":135},"21":{"name":"(anonymous_21)","decl":{"start":{"line":141,"column":2},"end":{"line":141,"column":3}},"loc":{"start":{"line":141,"column":12},"end":{"line":149,"column":3}},"line":141},"22":{"name":"(anonymous_22)","decl":{"start":{"line":151,"column":2},"end":{"line":151,"column":3}},"loc":{"start":{"line":151,"column":11},"end":{"line":151,"column":13}},"line":151},"23":{"name":"(anonymous_23)","decl":{"start":{"line":155,"column":2},"end":{"line":155,"column":3}},"loc":{"start":{"line":155,"column":31},"end":{"line":159,"column":3}},"line":155},"24":{"name":"(anonymous_24)","decl":{"start":{"line":161,"column":2},"end":{"line":161,"column":3}},"loc":{"start":{"line":161,"column":12},"end":{"line":171,"column":3}},"line":161},"25":{"name":"(anonymous_25)","decl":{"start":{"line":173,"column":2},"end":{"line":173,"column":3}},"loc":{"start":{"line":173,"column":17},"end":{"line":175,"column":3}},"line":173},"26":{"name":"(anonymous_26)","decl":{"start":{"line":177,"column":2},"end":{"line":177,"column":3}},"loc":{"start":{"line":177,"column":27},"end":{"line":187,"column":3}},"line":177}},"branchMap":{"0":{"loc":{"start":{"line":97,"column":19},"end":{"line":97,"column":37}},"type":"binary-expr","locations":[{"start":{"line":97,"column":19},"end":{"line":97,"column":31}},{"start":{"line":97,"column":35},"end":{"line":97,"column":37}}],"line":97},"1":{"loc":{"start":{"line":113,"column":4},"end":{"line":115,"column":5}},"type":"if","locations":[{"start":{"line":113,"column":4},"end":{"line":115,"column":5}},{"start":{"line":113,"column":4},"end":{"line":115,"column":5}}],"line":113},"2":{"loc":{"start":{"line":126,"column":4},"end":{"line":130,"column":5}},"type":"if","locations":[{"start":{"line":126,"column":4},"end":{"line":130,"column":5}},{"start":{"line":126,"column":4},"end":{"line":130,"column":5}}],"line":126},"3":{"loc":{"start":{"line":164,"column":4},"end":{"line":166,"column":5}},"type":"if","locations":[{"start":{"line":164,"column":4},"end":{"line":166,"column":5}},{"start":{"line":164,"column":4},"end":{"line":166,"column":5}}],"line":164},"4":{"loc":{"start":{"line":178,"column":19},"end":{"line":178,"column":37}},"type":"binary-expr","locations":[{"start":{"line":178,"column":19},"end":{"line":178,"column":31}},{"start":{"line":178,"column":35},"end":{"line":178,"column":37}}],"line":178},"5":{"loc":{"start":{"line":180,"column":4},"end":{"line":184,"column":5}},"type":"if","locations":[{"start":{"line":180,"column":4},"end":{"line":184,"column":5}},{"start":{"line":180,"column":4},"end":{"line":184,"column":5}}],"line":180}},"s":{"0":1,"1":1,"2":1,"3":1,"4":1,"5":1,"6":1,"7":1,"8":1,"9":0,"10":0,"11":0,"12":0,"13":0,"14":0,"15":0,"16":0,"17":0,"18":0,"19":0,"20":0,"21":0,"22":0,"23":0,"24":0,"25":0,"26":0,"27":0,"28":0,"29":0,"30":0,"31":1,"32":1,"33":1,"34":0,"35":0,"36":0,"37":0,"38":0,"39":0,"40":0,"41":0,"42":0,"43":0,"44":0,"45":0,"46":0,"47":0,"48":0,"49":0,"50":0,"51":0,"52":0,"53":0,"54":0,"55":0,"56":0,"57":0,"58":0,"59":0,"60":0,"61":0,"62":0,"63":0,"64":0,"65":0,"66":0,"67":0,"68":0,"69":0,"70":1},"f":{"0":1,"1":0,"2":0,"3":0,"4":0,"5":0,"6":0,"7":0,"8":0,"9":0,"10":0,"11":1,"12":0,"13":0,"14":0,"15":0,"16":0,"17":0,"18":0,"19":0,"20":0,"21":0,"22":0,"23":0,"24":0,"25":0,"26":0},"b":{"0":[0,0],"1":[0,0],"2":[0,0],"3":[0,0],"4":[0,0],"5":[0,0]},"_coverageSchema":"332fd63041d2c1bcb487cc26dd0d5f7d97098a6c","hash":"7c52453f3d461194d7145b5f982721f94755f256"}
,"/home/gaylor/Work/vscode/jest-runner/src/extension.js": {"path":"/home/gaylor/Work/vscode/jest-runner/src/extension.js","statementMap":{"0":{"start":{"line":1,"column":15},"end":{"line":1,"column":32}},"1":{"start":{"line":3,"column":25},"end":{"line":3,"column":55}},"2":{"start":{"line":4,"column":23},"end":{"line":4,"column":57}},"3":{"start":{"line":5,"column":27},"end":{"line":5,"column":69}},"4":{"start":{"line":6,"column":19},"end":{"line":6,"column":43}},"5":{"start":{"line":7,"column":19},"end":{"line":7,"column":50}},"6":{"start":{"line":14,"column":18},"end":{"line":60,"column":1}},"7":{"start":{"line":23,"column":4},"end":{"line":26,"column":7}},"8":{"start":{"line":28,"column":4},"end":{"line":31,"column":7}},"9":{"start":{"line":34,"column":4},"end":{"line":34,"column":106}},"10":{"start":{"line":35,"column":4},"end":{"line":35,"column":49}},"11":{"start":{"line":38,"column":4},"end":{"line":38,"column":57}},"12":{"start":{"line":39,"column":4},"end":{"line":39,"column":78}},"13":{"start":{"line":41,"column":4},"end":{"line":44,"column":6}},"14":{"start":{"line":45,"column":4},"end":{"line":45,"column":59}},"15":{"start":{"line":52,"column":4},"end":{"line":54,"column":5}},"16":{"start":{"line":53,"column":6},"end":{"line":53,"column":34}},"17":{"start":{"line":56,"column":4},"end":{"line":58,"column":5}},"18":{"start":{"line":57,"column":6},"end":{"line":57,"column":43}},"19":{"start":{"line":62,"column":0},"end":{"line":62,"column":38}},"20":{"start":{"line":64,"column":0},"end":{"line":64,"column":42}}},"fnMap":{"0":{"name":"(anonymous_0)","decl":{"start":{"line":21,"column":12},"end":{"line":21,"column":13}},"loc":{"start":{"line":21,"column":30},"end":{"line":46,"column":3}},"line":21},"1":{"name":"(anonymous_1)","decl":{"start":{"line":51,"column":14},"end":{"line":51,"column":15}},"loc":{"start":{"line":51,"column":20},"end":{"line":59,"column":3}},"line":51}},"branchMap":{"0":{"loc":{"start":{"line":52,"column":4},"end":{"line":54,"column":5}},"type":"if","locations":[{"start":{"line":52,"column":4},"end":{"line":54,"column":5}},{"start":{"line":52,"column":4},"end":{"line":54,"column":5}}],"line":52},"1":{"loc":{"start":{"line":56,"column":4},"end":{"line":58,"column":5}},"type":"if","locations":[{"start":{"line":56,"column":4},"end":{"line":58,"column":5}},{"start":{"line":56,"column":4},"end":{"line":58,"column":5}}],"line":56}},"s":{"0":1,"1":1,"2":1,"3":1,"4":1,"5":1,"6":1,"7":1,"8":1,"9":1,"10":1,"11":1,"12":1,"13":1,"14":1,"15":2,"16":1,"17":2,"18":1,"19":1,"20":1},"f":{"0":1,"1":2},"b":{"0":[1,1],"1":[1,1]},"_coverageSchema":"332fd63041d2c1bcb487cc26dd0d5f7d97098a6c","hash":"4a4371f2fd729a2a34afffc8ab21d38686f2d222"}
,"/home/gaylor/Work/vscode/jest-runner/src/jest-runner.js": {"path":"/home/gaylor/Work/vscode/jest-runner/src/jest-runner.js","statementMap":{"0":{"start":{"line":1,"column":17},"end":{"line":1,"column":41}},"1":{"start":{"line":2,"column":15},"end":{"line":2,"column":32}},"2":{"start":{"line":4,"column":19},"end":{"line":4,"column":50}},"3":{"start":{"line":8,"column":4},"end":{"line":8,"column":20}},"4":{"start":{"line":9,"column":4},"end":{"line":9,"column":33}},"5":{"start":{"line":10,"column":4},"end":{"line":10,"column":23}},"6":{"start":{"line":14,"column":4},"end":{"line":16,"column":7}},"7":{"start":{"line":15,"column":6},"end":{"line":15,"column":36}},"8":{"start":{"line":20,"column":4},"end":{"line":20,"column":32}},"9":{"start":{"line":24,"column":4},"end":{"line":24,"column":33}},"10":{"start":{"line":26,"column":17},"end":{"line":26,"column":35}},"11":{"start":{"line":27,"column":4},"end":{"line":30,"column":5}},"12":{"start":{"line":28,"column":6},"end":{"line":28,"column":50}},"13":{"start":{"line":29,"column":6},"end":{"line":29,"column":13}},"14":{"start":{"line":32,"column":4},"end":{"line":32,"column":90}},"15":{"start":{"line":32,"column":24},"end":{"line":32,"column":88}},"16":{"start":{"line":36,"column":4},"end":{"line":36,"column":48}},"17":{"start":{"line":37,"column":22},"end":{"line":37,"column":69}},"18":{"start":{"line":39,"column":4},"end":{"line":41,"column":5}},"19":{"start":{"line":40,"column":6},"end":{"line":40,"column":34}},"20":{"start":{"line":43,"column":4},"end":{"line":62,"column":7}},"21":{"start":{"line":44,"column":6},"end":{"line":61,"column":9}},"22":{"start":{"line":45,"column":8},"end":{"line":48,"column":9}},"23":{"start":{"line":46,"column":10},"end":{"line":46,"column":22}},"24":{"start":{"line":47,"column":10},"end":{"line":47,"column":17}},"25":{"start":{"line":50,"column":23},"end":{"line":50,"column":41}},"26":{"start":{"line":52,"column":8},"end":{"line":52,"column":31}},"27":{"start":{"line":53,"column":8},"end":{"line":53,"column":37}},"28":{"start":{"line":54,"column":8},"end":{"line":54,"column":95}},"29":{"start":{"line":56,"column":8},"end":{"line":58,"column":9}},"30":{"start":{"line":57,"column":10},"end":{"line":57,"column":47}},"31":{"start":{"line":60,"column":8},"end":{"line":60,"column":24}},"32":{"start":{"line":64,"column":4},"end":{"line":64,"column":32}},"33":{"start":{"line":68,"column":4},"end":{"line":68,"column":24}},"34":{"start":{"line":69,"column":4},"end":{"line":69,"column":37}},"35":{"start":{"line":70,"column":4},"end":{"line":70,"column":31}},"36":{"start":{"line":74,"column":0},"end":{"line":74,"column":34}}},"fnMap":{"0":{"name":"(anonymous_0)","decl":{"start":{"line":7,"column":2},"end":{"line":7,"column":3}},"loc":{"start":{"line":7,"column":16},"end":{"line":11,"column":3}},"line":7},"1":{"name":"(anonymous_1)","decl":{"start":{"line":13,"column":2},"end":{"line":13,"column":3}},"loc":{"start":{"line":13,"column":22},"end":{"line":17,"column":3}},"line":13},"2":{"name":"(anonymous_2)","decl":{"start":{"line":14,"column":24},"end":{"line":14,"column":25}},"loc":{"start":{"line":14,"column":35},"end":{"line":16,"column":5}},"line":14},"3":{"name":"(anonymous_3)","decl":{"start":{"line":19,"column":2},"end":{"line":19,"column":3}},"loc":{"start":{"line":19,"column":16},"end":{"line":21,"column":3}},"line":19},"4":{"name":"(anonymous_4)","decl":{"start":{"line":23,"column":2},"end":{"line":23,"column":3}},"loc":{"start":{"line":23,"column":35},"end":{"line":33,"column":3}},"line":23},"5":{"name":"(anonymous_5)","decl":{"start":{"line":32,"column":14},"end":{"line":32,"column":15}},"loc":{"start":{"line":32,"column":24},"end":{"line":32,"column":88}},"line":32},"6":{"name":"(anonymous_6)","decl":{"start":{"line":35,"column":2},"end":{"line":35,"column":3}},"loc":{"start":{"line":35,"column":33},"end":{"line":65,"column":3}},"line":35},"7":{"name":"(anonymous_7)","decl":{"start":{"line":43,"column":39},"end":{"line":43,"column":40}},"loc":{"start":{"line":43,"column":60},"end":{"line":62,"column":5}},"line":43},"8":{"name":"(anonymous_8)","decl":{"start":{"line":44,"column":73},"end":{"line":44,"column":74}},"loc":{"start":{"line":44,"column":90},"end":{"line":61,"column":7}},"line":44},"9":{"name":"(anonymous_9)","decl":{"start":{"line":67,"column":2},"end":{"line":67,"column":3}},"loc":{"start":{"line":67,"column":26},"end":{"line":71,"column":3}},"line":67}},"branchMap":{"0":{"loc":{"start":{"line":27,"column":4},"end":{"line":30,"column":5}},"type":"if","locations":[{"start":{"line":27,"column":4},"end":{"line":30,"column":5}},{"start":{"line":27,"column":4},"end":{"line":30,"column":5}}],"line":27},"1":{"loc":{"start":{"line":35,"column":16},"end":{"line":35,"column":31}},"type":"default-arg","locations":[{"start":{"line":35,"column":26},"end":{"line":35,"column":31}}],"line":35},"2":{"loc":{"start":{"line":39,"column":4},"end":{"line":41,"column":5}},"type":"if","locations":[{"start":{"line":39,"column":4},"end":{"line":41,"column":5}},{"start":{"line":39,"column":4},"end":{"line":41,"column":5}}],"line":39},"3":{"loc":{"start":{"line":39,"column":8},"end":{"line":39,"column":40}},"type":"binary-expr","locations":[{"start":{"line":39,"column":8},"end":{"line":39,"column":16}},{"start":{"line":39,"column":20},"end":{"line":39,"column":40}}],"line":39},"4":{"loc":{"start":{"line":45,"column":8},"end":{"line":48,"column":9}},"type":"if","locations":[{"start":{"line":45,"column":8},"end":{"line":48,"column":9}},{"start":{"line":45,"column":8},"end":{"line":48,"column":9}}],"line":45},"5":{"loc":{"start":{"line":56,"column":8},"end":{"line":58,"column":9}},"type":"if","locations":[{"start":{"line":56,"column":8},"end":{"line":58,"column":9}},{"start":{"line":56,"column":8},"end":{"line":58,"column":9}}],"line":56}},"s":{"0":1,"1":1,"2":1,"3":1,"4":1,"5":1,"6":0,"7":0,"8":0,"9":0,"10":0,"11":0,"12":0,"13":0,"14":0,"15":0,"16":0,"17":0,"18":0,"19":0,"20":0,"21":0,"22":0,"23":0,"24":0,"25":0,"26":0,"27":0,"28":0,"29":0,"30":0,"31":0,"32":0,"33":0,"34":0,"35":0,"36":1},"f":{"0":1,"1":0,"2":0,"3":0,"4":0,"5":0,"6":0,"7":0,"8":0,"9":0},"b":{"0":[0,0],"1":[0],"2":[0,0],"3":[0,0],"4":[0,0],"5":[0,0]},"_coverageSchema":"332fd63041d2c1bcb487cc26dd0d5f7d97098a6c","hash":"7beb92a2b6829b05b9b71035a83f49aded4bd664"}
,"/home/gaylor/Work/vscode/jest-runner/src/text-decorations.js": {"path":"/home/gaylor/Work/vscode/jest-runner/src/text-decorations.js","statementMap":{"0":{"start":{"line":1,"column":63},"end":{"line":1,"column":80}},"1":{"start":{"line":3,"column":19},"end":{"line":3,"column":50}},"2":{"start":{"line":4,"column":19},"end":{"line":4,"column":43}},"3":{"start":{"line":6,"column":26},"end":{"line":15,"column":2}},"4":{"start":{"line":17,"column":26},"end":{"line":26,"column":2}},"5":{"start":{"line":37,"column":19},"end":{"line":37,"column":42}},"6":{"start":{"line":38,"column":25},"end":{"line":38,"column":31}},"7":{"start":{"line":40,"column":17},"end":{"line":40,"column":50}},"8":{"start":{"line":41,"column":4},"end":{"line":43,"column":5}},"9":{"start":{"line":42,"column":6},"end":{"line":42,"column":13}},"10":{"start":{"line":45,"column":4},"end":{"line":45,"column":72}},"11":{"start":{"line":45,"column":33},"end":{"line":45,"column":70}},"12":{"start":{"line":54,"column":25},"end":{"line":54,"column":31}},"13":{"start":{"line":55,"column":22},"end":{"line":55,"column":48}},"14":{"start":{"line":57,"column":20},"end":{"line":74,"column":5}},"15":{"start":{"line":58,"column":6},"end":{"line":71,"column":9}},"16":{"start":{"line":59,"column":27},"end":{"line":59,"column":59}},"17":{"start":{"line":60,"column":8},"end":{"line":70,"column":9}},"18":{"start":{"line":62,"column":23},"end":{"line":62,"column":56}},"19":{"start":{"line":63,"column":10},"end":{"line":63,"column":44}},"20":{"start":{"line":66,"column":24},"end":{"line":66,"column":66}},"21":{"start":{"line":67,"column":10},"end":{"line":69,"column":11}},"22":{"start":{"line":68,"column":12},"end":{"line":68,"column":40}},"23":{"start":{"line":73,"column":6},"end":{"line":73,"column":20}},"24":{"start":{"line":76,"column":19},"end":{"line":76,"column":77}},"25":{"start":{"line":78,"column":4},"end":{"line":78,"column":62}},"26":{"start":{"line":79,"column":4},"end":{"line":79,"column":63}},"27":{"start":{"line":88,"column":18},"end":{"line":88,"column":68}},"28":{"start":{"line":89,"column":18},"end":{"line":89,"column":51}},"29":{"start":{"line":91,"column":4},"end":{"line":93,"column":5}},"30":{"start":{"line":92,"column":6},"end":{"line":92,"column":57}},"31":{"start":{"line":95,"column":4},"end":{"line":95,"column":16}},"32":{"start":{"line":99,"column":0},"end":{"line":99,"column":43}},"33":{"start":{"line":101,"column":0},"end":{"line":101,"column":57}}},"fnMap":{"0":{"name":"(anonymous_0)","decl":{"start":{"line":36,"column":2},"end":{"line":36,"column":3}},"loc":{"start":{"line":36,"column":11},"end":{"line":46,"column":3}},"line":36},"1":{"name":"(anonymous_1)","decl":{"start":{"line":45,"column":21},"end":{"line":45,"column":22}},"loc":{"start":{"line":45,"column":33},"end":{"line":45,"column":70}},"line":45},"2":{"name":"(anonymous_2)","decl":{"start":{"line":53,"column":2},"end":{"line":53,"column":3}},"loc":{"start":{"line":53,"column":35},"end":{"line":80,"column":3}},"line":53},"3":{"name":"(anonymous_3)","decl":{"start":{"line":57,"column":20},"end":{"line":57,"column":21}},"loc":{"start":{"line":57,"column":42},"end":{"line":74,"column":5}},"line":57},"4":{"name":"(anonymous_4)","decl":{"start":{"line":58,"column":29},"end":{"line":58,"column":30}},"loc":{"start":{"line":58,"column":39},"end":{"line":71,"column":7}},"line":58},"5":{"name":"(anonymous_5)","decl":{"start":{"line":87,"column":2},"end":{"line":87,"column":3}},"loc":{"start":{"line":87,"column":36},"end":{"line":96,"column":3}},"line":87}},"branchMap":{"0":{"loc":{"start":{"line":41,"column":4},"end":{"line":43,"column":5}},"type":"if","locations":[{"start":{"line":41,"column":4},"end":{"line":43,"column":5}},{"start":{"line":41,"column":4},"end":{"line":43,"column":5}}],"line":41},"1":{"loc":{"start":{"line":60,"column":8},"end":{"line":70,"column":9}},"type":"if","locations":[{"start":{"line":60,"column":8},"end":{"line":70,"column":9}},{"start":{"line":60,"column":8},"end":{"line":70,"column":9}}],"line":60},"2":{"loc":{"start":{"line":67,"column":10},"end":{"line":69,"column":11}},"type":"if","locations":[{"start":{"line":67,"column":10},"end":{"line":69,"column":11}},{"start":{"line":67,"column":10},"end":{"line":69,"column":11}}],"line":67},"3":{"loc":{"start":{"line":91,"column":4},"end":{"line":93,"column":5}},"type":"if","locations":[{"start":{"line":91,"column":4},"end":{"line":93,"column":5}},{"start":{"line":91,"column":4},"end":{"line":93,"column":5}}],"line":91}},"s":{"0":2,"1":2,"2":2,"3":2,"4":2,"5":1,"6":1,"7":1,"8":1,"9":0,"10":1,"11":1,"12":1,"13":1,"14":1,"15":1,"16":2,"17":2,"18":1,"19":1,"20":1,"21":1,"22":0,"23":1,"24":1,"25":1,"26":1,"27":1,"28":1,"29":1,"30":0,"31":1,"32":2,"33":2},"f":{"0":1,"1":1,"2":1,"3":1,"4":2,"5":1},"b":{"0":[0,1],"1":[1,1],"2":[0,1],"3":[0,1]},"_coverageSchema":"332fd63041d2c1bcb487cc26dd0d5f7d97098a6c","hash":"cc2b41fd9c046b73b47b75094c27e59d4d44d73e"}
,"/home/gaylor/Work/vscode/jest-runner/src/commands/command-show-details.js": {"path":"/home/gaylor/Work/vscode/jest-runner/src/commands/command-show-details.js","statementMap":{"0":{"start":{"line":1,"column":19},"end":{"line":1,"column":44}},"1":{"start":{"line":3,"column":0},"end":{"line":5,"column":1}},"2":{"start":{"line":4,"column":2},"end":{"line":4,"column":34}}},"fnMap":{"0":{"name":"(anonymous_0)","decl":{"start":{"line":3,"column":17},"end":{"line":3,"column":18}},"loc":{"start":{"line":3,"column":30},"end":{"line":5,"column":1}},"line":3}},"branchMap":{},"s":{"0":1,"1":1,"2":0},"f":{"0":0},"b":{},"_coverageSchema":"332fd63041d2c1bcb487cc26dd0d5f7d97098a6c","hash":"077bee6991fffbd1c92a61cdb90d1969fff4c882"}
,"/home/gaylor/Work/vscode/jest-runner/src/commands/command-test.js": {"path":"/home/gaylor/Work/vscode/jest-runner/src/commands/command-test.js","statementMap":{"0":{"start":{"line":1,"column":19},"end":{"line":1,"column":36}},"1":{"start":{"line":3,"column":19},"end":{"line":3,"column":44}},"2":{"start":{"line":5,"column":0},"end":{"line":11,"column":1}},"3":{"start":{"line":6,"column":2},"end":{"line":8,"column":3}},"4":{"start":{"line":7,"column":4},"end":{"line":7,"column":53}},"5":{"start":{"line":10,"column":2},"end":{"line":10,"column":29}}},"fnMap":{"0":{"name":"(anonymous_0)","decl":{"start":{"line":5,"column":17},"end":{"line":5,"column":18}},"loc":{"start":{"line":5,"column":27},"end":{"line":11,"column":1}},"line":5}},"branchMap":{"0":{"loc":{"start":{"line":6,"column":2},"end":{"line":8,"column":3}},"type":"if","locations":[{"start":{"line":6,"column":2},"end":{"line":8,"column":3}},{"start":{"line":6,"column":2},"end":{"line":8,"column":3}}],"line":6}},"s":{"0":1,"1":1,"2":1,"3":0,"4":0,"5":0},"f":{"0":0},"b":{"0":[0,0]},"_coverageSchema":"332fd63041d2c1bcb487cc26dd0d5f7d97098a6c","hash":"9418a94a8b11c997db064a7df49a34bb5f7d746e"}
,"/home/gaylor/Work/vscode/jest-runner/src/parser/file-parser.js": {"path":"/home/gaylor/Work/vscode/jest-runner/src/parser/file-parser.js","statementMap":{"0":{"start":{"line":1,"column":18},"end":{"line":1,"column":35}},"1":{"start":{"line":2,"column":16},"end":{"line":2,"column":34}},"2":{"start":{"line":3,"column":12},"end":{"line":3,"column":26}},"3":{"start":{"line":7,"column":4},"end":{"line":7,"column":20}},"4":{"start":{"line":11,"column":4},"end":{"line":14,"column":7}},"5":{"start":{"line":13,"column":6},"end":{"line":13,"column":36}},"6":{"start":{"line":18,"column":4},"end":{"line":18,"column":27}},"7":{"start":{"line":22,"column":4},"end":{"line":24,"column":5}},"8":{"start":{"line":23,"column":6},"end":{"line":23,"column":43}},"9":{"start":{"line":26,"column":16},"end":{"line":35,"column":6}},"10":{"start":{"line":37,"column":22},"end":{"line":51,"column":8}},"11":{"start":{"line":40,"column":44},"end":{"line":40,"column":64}},"12":{"start":{"line":41,"column":22},"end":{"line":44,"column":9}},"13":{"start":{"line":46,"column":8},"end":{"line":50,"column":9}},"14":{"start":{"line":54,"column":16},"end":{"line":54,"column":17}},"15":{"start":{"line":55,"column":4},"end":{"line":60,"column":8}},"16":{"start":{"line":55,"column":34},"end":{"line":60,"column":6}},"17":{"start":{"line":56,"column":6},"end":{"line":56,"column":25}},"18":{"start":{"line":57,"column":6},"end":{"line":57,"column":17}},"19":{"start":{"line":59,"column":6},"end":{"line":59,"column":18}},"20":{"start":{"line":62,"column":4},"end":{"line":62,"column":46}},"21":{"start":{"line":63,"column":4},"end":{"line":63,"column":21}},"22":{"start":{"line":67,"column":4},"end":{"line":81,"column":9}},"23":{"start":{"line":70,"column":44},"end":{"line":70,"column":64}},"24":{"start":{"line":71,"column":22},"end":{"line":74,"column":9}},"25":{"start":{"line":76,"column":8},"end":{"line":80,"column":10}},"26":{"start":{"line":85,"column":4},"end":{"line":85,"column":48}},"27":{"start":{"line":89,"column":4},"end":{"line":92,"column":5}},"28":{"start":{"line":91,"column":6},"end":{"line":91,"column":16}},"29":{"start":{"line":94,"column":4},"end":{"line":102,"column":5}},"30":{"start":{"line":95,"column":25},"end":{"line":95,"column":104}},"31":{"start":{"line":96,"column":20},"end":{"line":99,"column":7}},"32":{"start":{"line":101,"column":6},"end":{"line":101,"column":36}},"33":{"start":{"line":104,"column":4},"end":{"line":110,"column":11}},"34":{"start":{"line":105,"column":6},"end":{"line":107,"column":7}},"35":{"start":{"line":106,"column":8},"end":{"line":106,"column":71}},"36":{"start":{"line":109,"column":6},"end":{"line":109,"column":19}},"37":{"start":{"line":114,"column":4},"end":{"line":118,"column":6}},"38":{"start":{"line":122,"column":4},"end":{"line":126,"column":6}},"39":{"start":{"line":130,"column":4},"end":{"line":142,"column":6}},"40":{"start":{"line":146,"column":0},"end":{"line":146,"column":34}}},"fnMap":{"0":{"name":"(anonymous_0)","decl":{"start":{"line":6,"column":2},"end":{"line":6,"column":3}},"loc":{"start":{"line":6,"column":16},"end":{"line":8,"column":3}},"line":6},"1":{"name":"(anonymous_1)","decl":{"start":{"line":10,"column":2},"end":{"line":10,"column":3}},"loc":{"start":{"line":10,"column":26},"end":{"line":15,"column":3}},"line":10},"2":{"name":"(anonymous_2)","decl":{"start":{"line":11,"column":24},"end":{"line":11,"column":25}},"loc":{"start":{"line":11,"column":35},"end":{"line":14,"column":5}},"line":11},"3":{"name":"(anonymous_3)","decl":{"start":{"line":17,"column":2},"end":{"line":17,"column":3}},"loc":{"start":{"line":17,"column":13},"end":{"line":19,"column":3}},"line":17},"4":{"name":"(anonymous_4)","decl":{"start":{"line":21,"column":2},"end":{"line":21,"column":3}},"loc":{"start":{"line":21,"column":18},"end":{"line":64,"column":3}},"line":21},"5":{"name":"(anonymous_5)","decl":{"start":{"line":39,"column":11},"end":{"line":39,"column":12}},"loc":{"start":{"line":39,"column":26},"end":{"line":51,"column":7}},"line":39},"6":{"name":"(anonymous_6)","decl":{"start":{"line":55,"column":22},"end":{"line":55,"column":23}},"loc":{"start":{"line":55,"column":34},"end":{"line":60,"column":6}},"line":55},"7":{"name":"(anonymous_7)","decl":{"start":{"line":55,"column":57},"end":{"line":55,"column":58}},"loc":{"start":{"line":55,"column":67},"end":{"line":60,"column":5}},"line":55},"8":{"name":"(anonymous_8)","decl":{"start":{"line":66,"column":2},"end":{"line":66,"column":3}},"loc":{"start":{"line":66,"column":46},"end":{"line":82,"column":3}},"line":66},"9":{"name":"(anonymous_9)","decl":{"start":{"line":69,"column":11},"end":{"line":69,"column":12}},"loc":{"start":{"line":69,"column":26},"end":{"line":81,"column":7}},"line":69},"10":{"name":"(anonymous_10)","decl":{"start":{"line":84,"column":2},"end":{"line":84,"column":3}},"loc":{"start":{"line":84,"column":40},"end":{"line":86,"column":3}},"line":84},"11":{"name":"(anonymous_11)","decl":{"start":{"line":88,"column":2},"end":{"line":88,"column":3}},"loc":{"start":{"line":88,"column":34},"end":{"line":111,"column":3}},"line":88},"12":{"name":"(anonymous_12)","decl":{"start":{"line":104,"column":41},"end":{"line":104,"column":42}},"loc":{"start":{"line":104,"column":57},"end":{"line":110,"column":5}},"line":104},"13":{"name":"(anonymous_13)","decl":{"start":{"line":113,"column":2},"end":{"line":113,"column":3}},"loc":{"start":{"line":113,"column":33},"end":{"line":119,"column":3}},"line":113},"14":{"name":"(anonymous_14)","decl":{"start":{"line":121,"column":2},"end":{"line":121,"column":3}},"loc":{"start":{"line":121,"column":27},"end":{"line":127,"column":3}},"line":121},"15":{"name":"(anonymous_15)","decl":{"start":{"line":129,"column":2},"end":{"line":129,"column":3}},"loc":{"start":{"line":129,"column":31},"end":{"line":143,"column":3}},"line":129}},"branchMap":{"0":{"loc":{"start":{"line":22,"column":4},"end":{"line":24,"column":5}},"type":"if","locations":[{"start":{"line":22,"column":4},"end":{"line":24,"column":5}},{"start":{"line":22,"column":4},"end":{"line":24,"column":5}}],"line":22},"1":{"loc":{"start":{"line":89,"column":4},"end":{"line":92,"column":5}},"type":"if","locations":[{"start":{"line":89,"column":4},"end":{"line":92,"column":5}},{"start":{"line":89,"column":4},"end":{"line":92,"column":5}}],"line":89},"2":{"loc":{"start":{"line":89,"column":8},"end":{"line":89,"column":60}},"type":"binary-expr","locations":[{"start":{"line":89,"column":8},"end":{"line":89,"column":31}},{"start":{"line":89,"column":35},"end":{"line":89,"column":60}}],"line":89},"3":{"loc":{"start":{"line":94,"column":4},"end":{"line":102,"column":5}},"type":"if","locations":[{"start":{"line":94,"column":4},"end":{"line":102,"column":5}},{"start":{"line":94,"column":4},"end":{"line":102,"column":5}}],"line":94},"4":{"loc":{"start":{"line":95,"column":25},"end":{"line":95,"column":104}},"type":"binary-expr","locations":[{"start":{"line":95,"column":25},"end":{"line":95,"column":66}},{"start":{"line":95,"column":70},"end":{"line":95,"column":104}}],"line":95},"5":{"loc":{"start":{"line":105,"column":6},"end":{"line":107,"column":7}},"type":"if","locations":[{"start":{"line":105,"column":6},"end":{"line":107,"column":7}},{"start":{"line":105,"column":6},"end":{"line":107,"column":7}}],"line":105},"6":{"loc":{"start":{"line":105,"column":10},"end":{"line":105,"column":62}},"type":"binary-expr","locations":[{"start":{"line":105,"column":10},"end":{"line":105,"column":24}},{"start":{"line":105,"column":28},"end":{"line":105,"column":62}}],"line":105},"7":{"loc":{"start":{"line":115,"column":6},"end":{"line":117,"column":56}},"type":"binary-expr","locations":[{"start":{"line":115,"column":6},"end":{"line":115,"column":46}},{"start":{"line":116,"column":9},"end":{"line":116,"column":55}},{"start":{"line":117,"column":9},"end":{"line":117,"column":56}}],"line":115},"8":{"loc":{"start":{"line":123,"column":6},"end":{"line":125,"column":50}},"type":"binary-expr","locations":[{"start":{"line":123,"column":6},"end":{"line":123,"column":46}},{"start":{"line":124,"column":9},"end":{"line":124,"column":55}},{"start":{"line":125,"column":9},"end":{"line":125,"column":50}}],"line":123},"9":{"loc":{"start":{"line":131,"column":6},"end":{"line":141,"column":8}},"type":"binary-expr","locations":[{"start":{"line":131,"column":6},"end":{"line":131,"column":46}},{"start":{"line":132,"column":9},"end":{"line":132,"column":55}},{"start":{"line":133,"column":9},"end":{"line":133,"column":64}},{"start":{"line":135,"column":8},"end":{"line":135,"column":68}},{"start":{"line":136,"column":11},"end":{"line":136,"column":70}},{"start":{"line":138,"column":8},"end":{"line":138,"column":70}},{"start":{"line":139,"column":11},"end":{"line":139,"column":78}},{"start":{"line":140,"column":11},"end":{"line":140,"column":77}}],"line":131}},"s":{"0":1,"1":1,"2":1,"3":1,"4":1,"5":0,"6":0,"7":0,"8":0,"9":0,"10":0,"11":0,"12":0,"13":0,"14":0,"15":0,"16":0,"17":0,"18":0,"19":0,"20":0,"21":0,"22":0,"23":0,"24":0,"25":0,"26":0,"27":0,"28":0,"29":0,"30":0,"31":0,"32":0,"33":0,"34":0,"35":0,"36":0,"37":0,"38":0,"39":0,"40":1},"f":{"0":1,"1":1,"2":0,"3":0,"4":0,"5":0,"6":0,"7":0,"8":0,"9":0,"10":0,"11":0,"12":0,"13":0,"14":0,"15":0},"b":{"0":[0,0],"1":[0,0],"2":[0,0],"3":[0,0],"4":[0,0],"5":[0,0],"6":[0,0],"7":[0,0,0],"8":[0,0,0],"9":[0,0,0,0,0,0,0,0]},"_coverageSchema":"332fd63041d2c1bcb487cc26dd0d5f7d97098a6c","hash":"46147c9eb14b4f0f09b467bf5bcae63a061d862c"}
,"/home/gaylor/Work/vscode/jest-runner/src/parser/jest-parser.js": {"path":"/home/gaylor/Work/vscode/jest-runner/src/parser/jest-parser.js","statementMap":{"0":{"start":{"line":2,"column":0},"end":{"line":6,"column":1}},"1":{"start":{"line":3,"column":15},"end":{"line":3,"column":36}},"2":{"start":{"line":5,"column":2},"end":{"line":5,"column":43}},"3":{"start":{"line":10,"column":4},"end":{"line":10,"column":25}},"4":{"start":{"line":11,"column":4},"end":{"line":11,"column":93}},"5":{"start":{"line":11,"column":68},"end":{"line":11,"column":92}},"6":{"start":{"line":15,"column":4},"end":{"line":15,"column":36}},"7":{"start":{"line":19,"column":4},"end":{"line":19,"column":38}},"8":{"start":{"line":23,"column":4},"end":{"line":23,"column":38}},"9":{"start":{"line":27,"column":4},"end":{"line":27,"column":46}},"10":{"start":{"line":31,"column":4},"end":{"line":31,"column":29}},"11":{"start":{"line":35,"column":4},"end":{"line":35,"column":22}},"12":{"start":{"line":41,"column":4},"end":{"line":41,"column":21}},"13":{"start":{"line":45,"column":4},"end":{"line":45,"column":41}},"14":{"start":{"line":49,"column":4},"end":{"line":49,"column":41}},"15":{"start":{"line":53,"column":4},"end":{"line":55,"column":5}},"16":{"start":{"line":54,"column":6},"end":{"line":54,"column":16}},"17":{"start":{"line":57,"column":4},"end":{"line":57,"column":44}},"18":{"start":{"line":61,"column":4},"end":{"line":61,"column":27}}},"fnMap":{"0":{"name":"(anonymous_0)","decl":{"start":{"line":2,"column":17},"end":{"line":2,"column":18}},"loc":{"start":{"line":2,"column":29},"end":{"line":6,"column":1}},"line":2},"1":{"name":"(anonymous_1)","decl":{"start":{"line":9,"column":2},"end":{"line":9,"column":3}},"loc":{"start":{"line":9,"column":22},"end":{"line":12,"column":3}},"line":9},"2":{"name":"(anonymous_2)","decl":{"start":{"line":11,"column":60},"end":{"line":11,"column":61}},"loc":{"start":{"line":11,"column":68},"end":{"line":11,"column":92}},"line":11},"3":{"name":"(anonymous_3)","decl":{"start":{"line":14,"column":2},"end":{"line":14,"column":3}},"loc":{"start":{"line":14,"column":15},"end":{"line":16,"column":3}},"line":14},"4":{"name":"(anonymous_4)","decl":{"start":{"line":18,"column":2},"end":{"line":18,"column":3}},"loc":{"start":{"line":18,"column":18},"end":{"line":20,"column":3}},"line":18},"5":{"name":"(anonymous_5)","decl":{"start":{"line":22,"column":2},"end":{"line":22,"column":3}},"loc":{"start":{"line":22,"column":18},"end":{"line":24,"column":3}},"line":22},"6":{"name":"(anonymous_6)","decl":{"start":{"line":26,"column":2},"end":{"line":26,"column":3}},"loc":{"start":{"line":26,"column":15},"end":{"line":28,"column":3}},"line":26},"7":{"name":"(anonymous_7)","decl":{"start":{"line":30,"column":2},"end":{"line":30,"column":3}},"loc":{"start":{"line":30,"column":27},"end":{"line":32,"column":3}},"line":30},"8":{"name":"(anonymous_8)","decl":{"start":{"line":34,"column":2},"end":{"line":34,"column":3}},"loc":{"start":{"line":34,"column":19},"end":{"line":36,"column":3}},"line":34},"9":{"name":"(anonymous_9)","decl":{"start":{"line":40,"column":2},"end":{"line":40,"column":3}},"loc":{"start":{"line":40,"column":20},"end":{"line":42,"column":3}},"line":40},"10":{"name":"(anonymous_10)","decl":{"start":{"line":44,"column":2},"end":{"line":44,"column":3}},"loc":{"start":{"line":44,"column":14},"end":{"line":46,"column":3}},"line":44},"11":{"name":"(anonymous_11)","decl":{"start":{"line":48,"column":2},"end":{"line":48,"column":3}},"loc":{"start":{"line":48,"column":14},"end":{"line":50,"column":3}},"line":48},"12":{"name":"(anonymous_12)","decl":{"start":{"line":52,"column":2},"end":{"line":52,"column":3}},"loc":{"start":{"line":52,"column":24},"end":{"line":58,"column":3}},"line":52},"13":{"name":"(anonymous_13)","decl":{"start":{"line":60,"column":2},"end":{"line":60,"column":3}},"loc":{"start":{"line":60,"column":13},"end":{"line":62,"column":3}},"line":60}},"branchMap":{"0":{"loc":{"start":{"line":30,"column":16},"end":{"line":30,"column":25}},"type":"default-arg","locations":[{"start":{"line":30,"column":24},"end":{"line":30,"column":25}}],"line":30},"1":{"loc":{"start":{"line":52,"column":13},"end":{"line":52,"column":22}},"type":"default-arg","locations":[{"start":{"line":52,"column":21},"end":{"line":52,"column":22}}],"line":52},"2":{"loc":{"start":{"line":53,"column":4},"end":{"line":55,"column":5}},"type":"if","locations":[{"start":{"line":53,"column":4},"end":{"line":55,"column":5}},{"start":{"line":53,"column":4},"end":{"line":55,"column":5}}],"line":53}},"s":{"0":1,"1":0,"2":0,"3":0,"4":0,"5":0,"6":0,"7":0,"8":0,"9":0,"10":0,"11":0,"12":0,"13":0,"14":0,"15":0,"16":0,"17":0,"18":0},"f":{"0":0,"1":0,"2":0,"3":0,"4":0,"5":0,"6":0,"7":0,"8":0,"9":0,"10":0,"11":0,"12":0,"13":0},"b":{"0":[0],"1":[0],"2":[0,0]},"_coverageSchema":"332fd63041d2c1bcb487cc26dd0d5f7d97098a6c","hash":"a1fedef4c5329715f99361ef58440fb4c0880b2c"}
}
