TN:
SF:/home/gaylor/Work/vscode/jest-runner/src/codelens-provider.js
FN:12,(anonymous_0)
FN:18,(anonymous_1)
FN:22,(anonymous_2)
FN:33,(anonymous_3)
FN:34,(anonymous_4)
FN:43,(anonymous_5)
FN:44,(anonymous_6)
FN:51,(anonymous_7)
FN:57,(anonymous_8)
FN:60,(anonymous_9)
FN:65,(anonymous_10)
FN:69,(anonymous_11)
FN:77,(anonymous_12)
FN:84,(anonymous_13)
FN:94,(anonymous_14)
FN:96,(anonymous_15)
FN:103,(anonymous_16)
FN:110,(anonymous_17)
FN:121,(anonymous_18)
FN:125,(anonymous_19)
FN:135,(anonymous_20)
FN:141,(anonymous_21)
FN:151,(anonymous_22)
FN:155,(anonymous_23)
FN:161,(anonymous_24)
FN:173,(anonymous_25)
FN:177,(anonymous_26)
FNF:27
FNH:2
FNDA:1,(anonymous_0)
FNDA:0,(anonymous_1)
FNDA:0,(anonymous_2)
FNDA:0,(anonymous_3)
FNDA:0,(anonymous_4)
FNDA:0,(anonymous_5)
FNDA:0,(anonymous_6)
FNDA:0,(anonymous_7)
FNDA:0,(anonymous_8)
FNDA:0,(anonymous_9)
FNDA:0,(anonymous_10)
FNDA:1,(anonymous_11)
FNDA:0,(anonymous_12)
FNDA:0,(anonymous_13)
FNDA:0,(anonymous_14)
FNDA:0,(anonymous_15)
FNDA:0,(anonymous_16)
FNDA:0,(anonymous_17)
FNDA:0,(anonymous_18)
FNDA:0,(anonymous_19)
FNDA:0,(anonymous_20)
FNDA:0,(anonymous_21)
FNDA:0,(anonymous_22)
FNDA:0,(anonymous_23)
FNDA:0,(anonymous_24)
FNDA:0,(anonymous_25)
FNDA:0,(anonymous_26)
DA:1,1
DA:3,1
DA:4,1
DA:5,1
DA:7,1
DA:8,1
DA:9,1
DA:13,1
DA:15,1
DA:19,0
DA:23,0
DA:24,0
DA:26,0
DA:28,0
DA:30,0
DA:34,0
DA:35,0
DA:36,0
DA:37,0
DA:39,0
DA:44,0
DA:45,0
DA:46,0
DA:47,0
DA:52,0
DA:54,0
DA:58,0
DA:60,0
DA:62,0
DA:66,0
DA:70,1
DA:71,1
DA:72,1
DA:78,0
DA:80,0
DA:81,0
DA:85,0
DA:91,0
DA:97,0
DA:98,0
DA:104,0
DA:106,0
DA:107,0
DA:111,0
DA:113,0
DA:114,0
DA:117,0
DA:118,0
DA:122,0
DA:126,0
DA:127,0
DA:129,0
DA:136,0
DA:138,0
DA:142,0
DA:148,0
DA:156,0
DA:158,0
DA:162,0
DA:164,0
DA:165,0
DA:169,0
DA:170,0
DA:174,0
DA:178,0
DA:180,0
DA:181,0
DA:183,0
DA:186,0
DA:190,1
LF:70
LH:13
BRDA:97,0,0,0
BRDA:97,0,1,0
BRDA:113,1,0,0
BRDA:113,1,1,0
BRDA:126,2,0,0
BRDA:126,2,1,0
BRDA:164,3,0,0
BRDA:164,3,1,0
BRDA:178,4,0,0
BRDA:178,4,1,0
BRDA:180,5,0,0
BRDA:180,5,1,0
BRF:12
BRH:0
end_of_record
TN:
SF:/home/gaylor/Work/vscode/jest-runner/src/extension.js
FN:21,(anonymous_0)
FN:51,(anonymous_1)
FNF:2
FNH:2
FNDA:1,(anonymous_0)
FNDA:2,(anonymous_1)
DA:1,1
DA:3,1
DA:4,1
DA:5,1
DA:6,1
DA:7,1
DA:14,1
DA:23,1
DA:28,1
DA:34,1
DA:35,1
DA:38,1
DA:39,1
DA:41,1
DA:45,1
DA:52,2
DA:53,1
DA:56,2
DA:57,1
DA:62,1
DA:64,1
LF:21
LH:21
BRDA:52,0,0,1
BRDA:52,0,1,1
BRDA:56,1,0,1
BRDA:56,1,1,1
BRF:4
BRH:4
end_of_record
TN:
SF:/home/gaylor/Work/vscode/jest-runner/src/jest-runner.js
FN:7,(anonymous_0)
FN:13,(anonymous_1)
FN:14,(anonymous_2)
FN:19,(anonymous_3)
FN:23,(anonymous_4)
FN:32,(anonymous_5)
FN:35,(anonymous_6)
FN:43,(anonymous_7)
FN:44,(anonymous_8)
FN:67,(anonymous_9)
FNF:10
FNH:1
FNDA:1,(anonymous_0)
FNDA:0,(anonymous_1)
FNDA:0,(anonymous_2)
FNDA:0,(anonymous_3)
FNDA:0,(anonymous_4)
FNDA:0,(anonymous_5)
FNDA:0,(anonymous_6)
FNDA:0,(anonymous_7)
FNDA:0,(anonymous_8)
FNDA:0,(anonymous_9)
DA:1,1
DA:2,1
DA:4,1
DA:8,1
DA:9,1
DA:10,1
DA:14,0
DA:15,0
DA:20,0
DA:24,0
DA:26,0
DA:27,0
DA:28,0
DA:29,0
DA:32,0
DA:36,0
DA:37,0
DA:39,0
DA:40,0
DA:43,0
DA:44,0
DA:45,0
DA:46,0
DA:47,0
DA:50,0
DA:52,0
DA:53,0
DA:54,0
DA:56,0
DA:57,0
DA:60,0
DA:64,0
DA:68,0
DA:69,0
DA:70,0
DA:74,1
LF:36
LH:7
BRDA:27,0,0,0
BRDA:27,0,1,0
BRDA:35,1,0,0
BRDA:39,2,0,0
BRDA:39,2,1,0
BRDA:39,3,0,0
BRDA:39,3,1,0
BRDA:45,4,0,0
BRDA:45,4,1,0
BRDA:56,5,0,0
BRDA:56,5,1,0
BRF:11
BRH:0
end_of_record
TN:
SF:/home/gaylor/Work/vscode/jest-runner/src/text-decorations.js
FN:36,(anonymous_0)
FN:45,(anonymous_1)
FN:53,(anonymous_2)
FN:57,(anonymous_3)
FN:58,(anonymous_4)
FN:87,(anonymous_5)
FNF:6
FNH:6
FNDA:1,(anonymous_0)
FNDA:1,(anonymous_1)
FNDA:1,(anonymous_2)
FNDA:1,(anonymous_3)
FNDA:2,(anonymous_4)
FNDA:1,(anonymous_5)
DA:1,2
DA:3,2
DA:4,2
DA:6,2
DA:17,2
DA:37,1
DA:38,1
DA:40,1
DA:41,1
DA:42,0
DA:45,1
DA:54,1
DA:55,1
DA:57,1
DA:58,1
DA:59,2
DA:60,2
DA:62,1
DA:63,1
DA:66,1
DA:67,1
DA:68,0
DA:73,1
DA:76,1
DA:78,1
DA:79,1
DA:88,1
DA:89,1
DA:91,1
DA:92,0
DA:95,1
DA:99,2
DA:101,2
LF:33
LH:30
BRDA:41,0,0,0
BRDA:41,0,1,1
BRDA:60,1,0,1
BRDA:60,1,1,1
BRDA:67,2,0,0
BRDA:67,2,1,1
BRDA:91,3,0,0
BRDA:91,3,1,1
BRF:8
BRH:5
end_of_record
TN:
SF:/home/gaylor/Work/vscode/jest-runner/src/commands/command-show-details.js
FN:3,(anonymous_0)
FNF:1
FNH:0
FNDA:0,(anonymous_0)
DA:1,1
DA:3,1
DA:4,0
LF:3
LH:2
BRF:0
BRH:0
end_of_record
TN:
SF:/home/gaylor/Work/vscode/jest-runner/src/commands/command-test.js
FN:5,(anonymous_0)
FNF:1
FNH:0
FNDA:0,(anonymous_0)
DA:1,1
DA:3,1
DA:5,1
DA:6,0
DA:7,0
DA:10,0
LF:6
LH:3
BRDA:6,0,0,0
BRDA:6,0,1,0
BRF:2
BRH:0
end_of_record
TN:
SF:/home/gaylor/Work/vscode/jest-runner/src/parser/file-parser.js
FN:6,(anonymous_0)
FN:10,(anonymous_1)
FN:11,(anonymous_2)
FN:17,(anonymous_3)
FN:21,(anonymous_4)
FN:39,(anonymous_5)
FN:55,(anonymous_6)
FN:55,(anonymous_7)
FN:66,(anonymous_8)
FN:69,(anonymous_9)
FN:84,(anonymous_10)
FN:88,(anonymous_11)
FN:104,(anonymous_12)
FN:113,(anonymous_13)
FN:121,(anonymous_14)
FN:129,(anonymous_15)
FNF:16
FNH:2
FNDA:1,(anonymous_0)
FNDA:1,(anonymous_1)
FNDA:0,(anonymous_2)
FNDA:0,(anonymous_3)
FNDA:0,(anonymous_4)
FNDA:0,(anonymous_5)
FNDA:0,(anonymous_6)
FNDA:0,(anonymous_7)
FNDA:0,(anonymous_8)
FNDA:0,(anonymous_9)
FNDA:0,(anonymous_10)
FNDA:0,(anonymous_11)
FNDA:0,(anonymous_12)
FNDA:0,(anonymous_13)
FNDA:0,(anonymous_14)
FNDA:0,(anonymous_15)
DA:1,1
DA:2,1
DA:3,1
DA:7,1
DA:11,1
DA:13,0
DA:18,0
DA:22,0
DA:23,0
DA:26,0
DA:37,0
DA:40,0
DA:41,0
DA:46,0
DA:54,0
DA:55,0
DA:56,0
DA:57,0
DA:59,0
DA:62,0
DA:63,0
DA:67,0
DA:70,0
DA:71,0
DA:76,0
DA:85,0
DA:89,0
DA:91,0
DA:94,0
DA:95,0
DA:96,0
DA:101,0
DA:104,0
DA:105,0
DA:106,0
DA:109,0
DA:114,0
DA:122,0
DA:130,0
DA:146,1
LF:40
LH:6
BRDA:22,0,0,0
BRDA:22,0,1,0
BRDA:89,1,0,0
BRDA:89,1,1,0
BRDA:89,2,0,0
BRDA:89,2,1,0
BRDA:94,3,0,0
BRDA:94,3,1,0
BRDA:95,4,0,0
BRDA:95,4,1,0
BRDA:105,5,0,0
BRDA:105,5,1,0
BRDA:105,6,0,0
BRDA:105,6,1,0
BRDA:115,7,0,0
BRDA:115,7,1,0
BRDA:115,7,2,0
BRDA:123,8,0,0
BRDA:123,8,1,0
BRDA:123,8,2,0
BRDA:131,9,0,0
BRDA:131,9,1,0
BRDA:131,9,2,0
BRDA:131,9,3,0
BRDA:131,9,4,0
BRDA:131,9,5,0
BRDA:131,9,6,0
BRDA:131,9,7,0
BRF:28
BRH:0
end_of_record
TN:
SF:/home/gaylor/Work/vscode/jest-runner/src/parser/jest-parser.js
FN:2,(anonymous_0)
FN:9,(anonymous_1)
FN:11,(anonymous_2)
FN:14,(anonymous_3)
FN:18,(anonymous_4)
FN:22,(anonymous_5)
FN:26,(anonymous_6)
FN:30,(anonymous_7)
FN:34,(anonymous_8)
FN:40,(anonymous_9)
FN:44,(anonymous_10)
FN:48,(anonymous_11)
FN:52,(anonymous_12)
FN:60,(anonymous_13)
FNF:14
FNH:0
FNDA:0,(anonymous_0)
FNDA:0,(anonymous_1)
FNDA:0,(anonymous_2)
FNDA:0,(anonymous_3)
FNDA:0,(anonymous_4)
FNDA:0,(anonymous_5)
FNDA:0,(anonymous_6)
FNDA:0,(anonymous_7)
FNDA:0,(anonymous_8)
FNDA:0,(anonymous_9)
FNDA:0,(anonymous_10)
FNDA:0,(anonymous_11)
FNDA:0,(anonymous_12)
FNDA:0,(anonymous_13)
DA:2,1
DA:3,0
DA:5,0
DA:10,0
DA:11,0
DA:15,0
DA:19,0
DA:23,0
DA:27,0
DA:31,0
DA:35,0
DA:41,0
DA:45,0
DA:49,0
DA:53,0
DA:54,0
DA:57,0
DA:61,0
LF:18
LH:1
BRDA:30,0,0,0
BRDA:52,1,0,0
BRDA:53,2,0,0
BRDA:53,2,1,0
BRF:4
BRH:0
end_of_record
